<?xml version="1.0" encoding="UTF-8"?>
<!-- Generated by org.testng.reporters.JUnitReportReporter -->
<testsuite skipped="0" hostname="CS2-11" name="cs265.CS265_LabExam1_Q1Test" tests="4" failures="0" timestamp="06 Nov 2017 16:20:45 GMT" time="0.024" errors="0">
  <testcase name="test4" time="0.002" classname="cs265.CS265_LabExam1_Q1Test"/>
  <testcase name="test1" time="0.020" classname="cs265.CS265_LabExam1_Q1Test"/>
  <testcase name="test2" time="0.001" classname="cs265.CS265_LabExam1_Q1Test"/>
  <testcase name="test3" time="0.001" classname="cs265.CS265_LabExam1_Q1Test"/>
</testsuite> <!-- cs265.CS265_LabExam1_Q1Test -->
