<?xml version="1.0" encoding="UTF-8"?>
<!-- Generated by org.testng.reporters.JUnitReportReporter -->
<testsuite skipped="0" hostname="CS2-17" name="cs265.CS265_Lab_Week11_GradeTest" tests="5" failures="0" timestamp="27 Nov 2017 17:16:06 GMT" time="0.024" errors="0">
  <testcase name="test4" time="0.001" classname="cs265.CS265_Lab_Week11_GradeTest"/>
  <testcase name="test1" time="0.017" classname="cs265.CS265_Lab_Week11_GradeTest"/>
  <testcase name="test2" time="0.002" classname="cs265.CS265_Lab_Week11_GradeTest"/>
  <testcase name="test3" time="0.002" classname="cs265.CS265_Lab_Week11_GradeTest"/>
  <testcase name="test5" time="0.002" classname="cs265.CS265_Lab_Week11_GradeTest"/>
</testsuite> <!-- cs265.CS265_Lab_Week11_GradeTest -->
