<?xml version="1.0" encoding="UTF-8"?>
<!-- Generated by org.testng.reporters.JUnitReportReporter -->
<testsuite skipped="0" hostname="CS2-17" name="cs265.CS265_Lab_Week11_OrderTest" tests="3" failures="0" timestamp="27 Nov 2017 17:21:02 GMT" time="0.018" errors="0">
  <testcase name="test1" time="0.016" classname="cs265.CS265_Lab_Week11_OrderTest"/>
  <testcase name="test2" time="0.001" classname="cs265.CS265_Lab_Week11_OrderTest"/>
  <testcase name="test3" time="0.001" classname="cs265.CS265_Lab_Week11_OrderTest"/>
</testsuite> <!-- cs265.CS265_Lab_Week11_OrderTest -->
